[20:49:21] [main/INFO] (FabricLoader/GameProvider) Loading Minecraft 1.21.1 with Fabric Loader 0.18.4
[20:49:21] [main/INFO] (FabricLoader) Loading 59 mods:
	- cardinal-components-base 6.1.0
	- cardinal-components-entity 6.1.0
	- fabric-api 0.116.8+1.21.1
	- fabric-api-base 0.4.42+6573ed8c48
	- fabric-api-lookup-api-v1 1.6.71+b559734419
	- fabric-biome-api-v1 13.0.31+d527f9fd19
	- fabric-block-api-v1 1.1.0+0bc3503219
	- fabric-block-view-api-v2 1.0.11+ebb2264e19
	- fabric-blockrenderlayer-v1 1.1.52+0af3f5a719
	- fabric-client-tags-api-v1 1.1.15+6573ed8c19
	- fabric-command-api-v1 1.2.49+f71b366f19
	- fabric-command-api-v2 2.2.28+6ced4dd919
	- fabric-commands-v0 0.2.66+df3654b319
	- fabric-content-registries-v0 8.0.19+b559734419
	- fabric-convention-tags-v1 2.1.6+7f945d5b19
	- fabric-convention-tags-v2 2.11.2+fa89716719
	- fabric-crash-report-info-v1 0.2.29+0af3f5a719
	- fabric-data-attachment-api-v1 1.4.6+5b36e0f719
	- fabric-data-generation-api-v1 20.2.35+37516cd619
	- fabric-dimensions-v1 4.0.1+65213ef819
	- fabric-entity-events-v1 1.8.0+2b27e0a419
	- fabric-events-interaction-v0 0.7.13+ba9dae0619
	- fabric-game-rule-api-v1 1.0.53+6ced4dd919
	- fabric-gametest-api-v1 2.0.5+6fc22b9919
	- fabric-item-api-v1 11.2.0+3b3cb2e819
	- fabric-item-group-api-v1 4.1.7+def88e3a19
	- fabric-key-binding-api-v1 1.0.47+0af3f5a719
	- fabric-keybindings-v0 0.2.45+df3654b319
	- fabric-lifecycle-events-v1 2.6.0+0865547519
	- fabric-loot-api-v2 3.0.15+3f89f5a519
	- fabric-loot-api-v3 1.0.3+3f89f5a519
	- fabric-message-api-v1 6.0.14+8aaf3aca19
	- fabric-model-loading-api-v1 2.1.0+b4d813fc19
	- fabric-networking-api-v1 4.3.0+c7469b2119
	- fabric-object-builder-api-v1 15.2.1+40875a9319
	- fabric-particles-v1 4.0.2+6573ed8c19
	- fabric-recipe-api-v1 5.0.15+2475392c19
	- fabric-registry-sync-v0 5.3.1+e3eddc2119
	- fabric-renderer-api-v1 3.4.1+b4d813fc19
	- fabric-renderer-indigo 1.7.1+c705a49c19
	- fabric-renderer-registries-v1 3.2.69+df3654b319
	- fabric-rendering-data-attachment-v1 0.3.49+73761d2e19
	- fabric-rendering-fluids-v1 3.1.6+1daea21519
	- fabric-rendering-v0 1.1.72+df3654b319
	- fabric-rendering-v1 5.1.0+ab4c25a019
	- fabric-resource-conditions-api-v1 4.3.0+8dc279b119
	- fabric-resource-loader-v0 1.3.1+5b5275af19
	- fabric-screen-api-v1 2.0.25+8b68f1c719
	- fabric-screen-handler-api-v1 1.3.90+b559734419
	- fabric-sound-api-v1 1.0.23+6573ed8c19
	- fabric-transfer-api-v1 5.4.3+c24bd99419
	- fabric-transitive-access-wideners-v1 6.2.0+45b9699719
	- fabricloader 0.18.4
	- java 21
	- jei 19.21.0.247
	- minecraft 1.21.1
	- mixinextras 0.5.0
	- scout 2.0.8
	- trinkets 3.10.0
[20:49:21] [main/INFO] (FabricLoader/Mixin) SpongePowered MIXIN Subsystem Version=0.8.7 Source=file:/C:/Users/xdra1/.gradle/caches/modules-2/files-2.1/net.fabricmc/sponge-mixin/0.17.0+mixin.0.8.7/cf31463202f72d03b0ef1e1e38e8ee71b7faaab6/sponge-mixin-0.17.0+mixin.0.8.7.jar Service=Knot/Fabric Env=CLIENT
[20:49:21] [main/INFO] (FabricLoader/Mixin) Loaded Fabric development mappings for mixin remapper!
[20:49:21] [main/INFO] (FabricLoader/Mixin) Compatibility level set to JAVA_17
[20:49:21] [main/INFO] (FabricLoader/Mixin) Compatibility level set to JAVA_21
[20:49:22] [main/INFO] (FabricLoader/MixinExtras|Service) Initializing MixinExtras via com.llamalad7.mixinextras.service.MixinExtrasServiceImpl(version=0.5.0).
[20:49:24] [Datafixer Bootstrap/INFO] (Minecraft) 226 Datafixer optimizations took 585 milliseconds
[20:49:33] [Render thread/INFO] (Minecraft) Environment: Environment[sessionHost=https://sessionserver.mojang.com, servicesHost=https://api.minecraftservices.com, name=PROD]
[20:49:33] [Render thread/INFO] (Minecraft) Setting user: Player234
[20:49:33] [Render thread/INFO] (Indigo) [Indigo] Registering Indigo renderer!
[20:49:34] [Render thread/INFO] (PluginCaller) Sending ConfigManager...
[20:49:34] [Render thread/INFO] (PluginCaller) Sending ConfigManager took 1.996 ms
[20:49:34] [Render thread/INFO] (Minecraft) Backend library: LWJGL version 3.3.3-snapshot
[20:49:36] [Render thread/INFO] (Minecraft) Reloading ResourceManager: vanilla, fabric, cardinal-components-base, cardinal-components-entity, fabric-api, fabric-api-base, fabric-api-lookup-api-v1, fabric-biome-api-v1, fabric-block-api-v1, fabric-block-view-api-v2, fabric-blockrenderlayer-v1, fabric-client-tags-api-v1, fabric-command-api-v1, fabric-command-api-v2, fabric-commands-v0, fabric-content-registries-v0, fabric-convention-tags-v1, fabric-convention-tags-v2, fabric-crash-report-info-v1, fabric-data-attachment-api-v1, fabric-data-generation-api-v1, fabric-dimensions-v1, fabric-entity-events-v1, fabric-events-interaction-v0, fabric-game-rule-api-v1, fabric-gametest-api-v1, fabric-item-api-v1, fabric-item-group-api-v1, fabric-key-binding-api-v1, fabric-keybindings-v0, fabric-lifecycle-events-v1, fabric-loot-api-v2, fabric-loot-api-v3, fabric-message-api-v1, fabric-model-loading-api-v1, fabric-networking-api-v1, fabric-object-builder-api-v1, fabric-particles-v1, fabric-recipe-api-v1, fabric-registry-sync-v0, fabric-renderer-api-v1, fabric-renderer-indigo, fabric-renderer-registries-v1, fabric-rendering-data-attachment-v1, fabric-rendering-fluids-v1, fabric-rendering-v0, fabric-rendering-v1, fabric-resource-conditions-api-v1, fabric-resource-loader-v0, fabric-screen-api-v1, fabric-screen-handler-api-v1, fabric-sound-api-v1, fabric-transfer-api-v1, fabric-transitive-access-wideners-v1, fabricloader, jei, scout, trinkets
[20:49:36] [Worker-Main-13/INFO] (Minecraft) Found unifont_all_no_pua-15.1.05.hex, loading
[20:49:36] [Worker-Main-26/INFO] (Minecraft) Found unifont_jp_patch-15.1.05.hex, loading
[20:49:38] [Render thread/WARN] (Minecraft) Missing sound for event: minecraft:item.goat_horn.play
[20:49:38] [Render thread/WARN] (Minecraft) Missing sound for event: minecraft:entity.goat.screaming.horn_break
[20:49:38] [Render thread/INFO] (Minecraft) OpenAL initialized on device OpenAL Soft on Casque (HyperX Cloud III)
[20:49:38] [Render thread/INFO] (Minecraft) Sound engine started
[20:49:38] [Render thread/INFO] (Minecraft) Created: 1024x512x4 minecraft:textures/atlas/blocks.png-atlas
[20:49:38] [Render thread/INFO] (Minecraft) Created: 256x256x4 minecraft:textures/atlas/signs.png-atlas
[20:49:38] [Render thread/INFO] (Minecraft) Created: 512x512x4 minecraft:textures/atlas/banner_patterns.png-atlas
[20:49:38] [Render thread/INFO] (Minecraft) Created: 512x512x4 minecraft:textures/atlas/shield_patterns.png-atlas
[20:49:38] [Render thread/INFO] (Minecraft) Created: 1024x1024x4 minecraft:textures/atlas/armor_trims.png-atlas
[20:49:38] [Render thread/INFO] (Minecraft) Created: 256x256x4 minecraft:textures/atlas/chest.png-atlas
[20:49:38] [Render thread/INFO] (Minecraft) Created: 128x64x4 minecraft:textures/atlas/decorated_pot.png-atlas
[20:49:38] [Render thread/INFO] (Minecraft) Created: 512x256x4 minecraft:textures/atlas/beds.png-atlas
[20:49:38] [Render thread/INFO] (Minecraft) Created: 512x256x4 minecraft:textures/atlas/shulker_boxes.png-atlas
[20:49:39] [Render thread/INFO] (Minecraft) Created: 512x256x0 minecraft:textures/atlas/particles.png-atlas
[20:49:39] [Render thread/INFO] (Minecraft) Created: 512x256x0 minecraft:textures/atlas/paintings.png-atlas
[20:49:39] [Render thread/INFO] (Minecraft) Created: 256x128x0 minecraft:textures/atlas/mob_effects.png-atlas
[20:49:39] [Render thread/INFO] (Minecraft) Created: 64x64x0 minecraft:textures/atlas/map_decorations.png-atlas
[20:49:39] [Render thread/INFO] (Minecraft) Created: 1024x512x0 minecraft:textures/atlas/gui.png-atlas
[20:49:39] [Render thread/WARN] (Minecraft) Shader rendertype_entity_translucent_emissive could not find sampler named Sampler2 in the specified shader program.
[20:49:39] [Render thread/INFO] (Minecraft) Created: 256x256x0 jei:textures/atlas/gui.png-atlas
[20:49:44] [Render thread/INFO] (Minecraft) Loaded 1296 recipes
[20:49:44] [Render thread/INFO] (Minecraft) Loaded 1399 advancements
[20:49:44] [Render thread/INFO] (BiomeModificationImpl) Applied 0 biome modifications to 0 of 64 new biomes in 1.419 ms
[20:49:44] [Server thread/INFO] (Minecraft) Starting integrated minecraft server version 1.21.1
[20:49:44] [Server thread/INFO] (Minecraft) Generating keypair
[20:49:45] [Server thread/INFO] (Minecraft) Preparing start region for dimension minecraft:overworld
[20:49:46] [Render thread/INFO] (Minecraft) Preparing spawn area: 0%
[20:49:46] [Render thread/INFO] (Minecraft) Time elapsed: 593 ms
[20:49:46] [Server thread/WARN] (TranslationConventionLogWarnings) 
	Dev warning - Untranslated Item Tags detected. Please translate your item tags so other mods such as recipe viewers can properly display your tag's name.
	The format desired is tag.item.<namespace>.<path> for the translation key with slashes in path turned into periods.
	To disable this message, set this system property in your runs: `-Dfabric-tag-conventions-v2.missingTagTranslationWarning=SILENCED`.
	To see individual untranslated item tags found, set the system property to `-Dfabric-tag-conventions-v2.missingTagTranslationWarning=VERBOSE`.
	Default is `SHORT`.

[20:49:46] [Server thread/INFO] (Minecraft) Changing view distance to 12, from 10
[20:49:46] [Server thread/INFO] (Minecraft) Changing simulation distance to 12, from 0
[20:49:47] [Server thread/INFO] (Minecraft) Player234[local:E:47127867] logged in with entity id 92 at (-121.7501443245236, 64.0, 92.78287842462183)
[20:49:47] [Server thread/INFO] (Minecraft) Player234 joined the game
[20:49:48] [Render thread/INFO] (LoggedTimer) Starting JEI...
[20:49:48] [Render thread/INFO] (PluginCaller) Registering item subtypes...
[20:49:48] [Render thread/INFO] (PluginCallerTimerRunnable) Registering item subtypes: jei:minecraft took 26.21 milliseconds
[20:49:48] [Render thread/INFO] (PluginCaller) Registering item subtypes took 26.95 ms
[20:49:48] [Render thread/INFO] (PluginCaller) Registering fluid subtypes...
[20:49:48] [Render thread/INFO] (PluginCaller) Registering fluid subtypes took 7.336 ms
[20:49:48] [Render thread/INFO] (PluginCaller) Registering ingredients...
[20:49:48] [Render thread/WARN] (ItemStackListFactory) Item Group has no display items and no search tab display items. Items from this group will be missing from the JEI ingredient list. Operator Utilities
[20:49:48] [Render thread/INFO] (PluginCallerTimerRunnable) Registering ingredients: jei:minecraft took 183.4 milliseconds
[20:49:48] [Render thread/INFO] (PluginCaller) Registering ingredients took 184.3 ms
[20:49:48] [Render thread/INFO] (PluginCaller) Registering extra ingredients...
[20:49:48] [Render thread/INFO] (PluginCaller) Registering extra ingredients took 451.4 μs
[20:49:48] [Render thread/INFO] (PluginCaller) Registering search ingredient aliases...
[20:49:48] [Render thread/INFO] (PluginCaller) Registering search ingredient aliases took 1.023 ms
[20:49:48] [Render thread/INFO] (PluginCaller) Registering Mod Info...
[20:49:48] [Render thread/INFO] (PluginCaller) Registering Mod Info took 549.6 μs
[20:49:48] [Render thread/INFO] (PluginCaller) Registering categories...
[20:49:48] [Render thread/INFO] (PluginCallerTimerRunnable) Registering categories: jei:minecraft took 64.05 milliseconds
[20:49:48] [Render thread/INFO] (PluginCallerTimerRunnable) Registering categories: jei:internal took 19.14 milliseconds
[20:49:48] [Render thread/INFO] (PluginCaller) Registering categories took 84.37 ms
[20:49:48] [Render thread/INFO] (PluginCaller) Registering vanilla category extensions...
[20:49:48] [Render thread/INFO] (PluginCaller) Registering vanilla category extensions took 11.35 ms
[20:49:48] [Render thread/INFO] (PluginCaller) Registering recipe catalysts...
[20:49:48] [Render thread/INFO] (PluginCaller) Registering recipe catalysts took 1.250 ms
[20:49:48] [Render thread/INFO] (LoggedTimer) Building recipe registry...
[20:49:48] [Render thread/INFO] (LoggedTimer) Building recipe registry took 43.44 ms
[20:49:48] [Render thread/INFO] (PluginCaller) Registering advanced plugins...
[20:49:48] [Render thread/INFO] (PluginCaller) Registering advanced plugins took 784.0 μs
[20:49:48] [Render thread/INFO] (PluginCaller) Registering recipes...
[20:49:49] [Render thread/INFO] (PluginCallerTimerRunnable) Registering recipes: jei:minecraft took 324.7 milliseconds
[20:49:49] [Render thread/INFO] (PluginCallerTimerRunnable) Registering recipes: jei:internal took 39.29 milliseconds
[20:49:49] [Render thread/INFO] (PluginCaller) Registering recipes took 365.1 ms
[20:49:49] [Render thread/INFO] (PluginCaller) Registering recipes transfer handlers...
[20:49:49] [Render thread/INFO] (PluginCallerTimerRunnable) Registering recipes transfer handlers: jei:minecraft took 11.19 milliseconds
[20:49:49] [Render thread/INFO] (PluginCaller) Registering recipes transfer handlers took 12.37 ms
[20:49:49] [Render thread/INFO] (LoggedTimer) Building runtime...
[20:49:49] [Render thread/INFO] (PluginCaller) Registering gui handlers...
[20:49:49] [Render thread/INFO] (PluginCallerTimerRunnable) Registering gui handlers: jei:minecraft took 46.23 milliseconds
[20:49:49] [Render thread/INFO] (PluginCallerTimerRunnable) Registering gui handlers: jei:gui took 21.87 milliseconds
[20:49:49] [Render thread/INFO] (PluginCaller) Registering gui handlers took 71.19 ms
[20:49:49] [Render thread/INFO] (PluginCaller) Registering Runtime...
[20:49:49] [Render thread/INFO] (JeiGuiStarter) Starting JEI GUI
[20:49:49] [Render thread/INFO] (LoggedTimer) Building ingredient list...
[20:49:49] [Render thread/INFO] (LoggedTimer) Building ingredient list took 77.90 ms
[20:49:49] [Render thread/INFO] (LoggedTimer) Building ingredient filter...
[20:49:49] [Render thread/INFO] (IngredientFilter) Adding 1694 ingredients
[20:49:49] [Render thread/INFO] (IngredientFilter) Added 1694 ingredients
[20:49:49] [Render thread/INFO] (LoggedTimer) Building ingredient filter took 370.2 ms
[20:49:50] [Render thread/INFO] (PluginCallerTimerRunnable) Registering Runtime: jei:fabric_gui took 737.2 milliseconds
[20:49:50] [Render thread/INFO] (PluginCaller) Registering Runtime took 738.4 ms
[20:49:50] [Render thread/INFO] (LoggedTimer) Building runtime took 879.4 ms
[20:49:50] [Render thread/INFO] (PluginCaller) Sending Runtime...
[20:49:50] [Render thread/INFO] (PluginCaller) Sending Runtime took 537.7 μs
[20:49:50] [Render thread/INFO] (LoggedTimer) Starting JEI took 1.873 s
[20:49:50] [Render thread/INFO] (Minecraft) Loaded 2 advancements
[20:50:02] [Server thread/INFO] (Minecraft) Saving and pausing game...
[20:50:02] [Server thread/INFO] (Minecraft) Saving chunks for level 'ServerLevel[New World]'/minecraft:overworld
[20:50:02] [Server thread/INFO] (Minecraft) Saving chunks for level 'ServerLevel[New World]'/minecraft:the_nether
[20:50:02] [Server thread/INFO] (Minecraft) Saving chunks for level 'ServerLevel[New World]'/minecraft:the_end
[20:50:02] [Server thread/INFO] (Minecraft) Player234 lost connection: Disconnected
[20:50:02] [Server thread/INFO] (Minecraft) Player234 left the game
[20:50:02] [Server thread/INFO] (Minecraft) Stopping singleplayer server as player logged out
[20:50:02] [Server thread/INFO] (Minecraft) Stopping server
[20:50:02] [Server thread/INFO] (Minecraft) Saving players
[20:50:02] [Server thread/INFO] (Minecraft) Saving worlds
[20:50:02] [Server thread/INFO] (Minecraft) Saving chunks for level 'ServerLevel[New World]'/minecraft:overworld
[20:50:02] [Server thread/INFO] (Minecraft) Saving chunks for level 'ServerLevel[New World]'/minecraft:the_nether
[20:50:02] [Server thread/INFO] (Minecraft) Saving chunks for level 'ServerLevel[New World]'/minecraft:the_end
[20:50:02] [Server thread/INFO] (Minecraft) ThreadedAnvilChunkStorage (New World): All chunks are saved
[20:50:02] [Server thread/INFO] (Minecraft) ThreadedAnvilChunkStorage (DIM-1): All chunks are saved
[20:50:02] [Server thread/INFO] (Minecraft) ThreadedAnvilChunkStorage (DIM1): All chunks are saved
[20:50:02] [Server thread/INFO] (Minecraft) ThreadedAnvilChunkStorage: All dimensions are saved
[20:50:03] [Render thread/INFO] (Minecraft) Stopping!
